karttika
Yuletide
Yom Kippur
Navidad
navidad
Año nuevo
año nuevo
Nochebuena
nochebuena
Nochevieja
nochevieja
Xmas Eve
Xmas 
Whitsun
Whit Sunday
Vaisakha
VJ
VE Day
V.J.
V.E. Day
Trinity Sunday
Thanksgiving
Día de acción de gracias
Día de Acción de Gracias
Tabernacles
Succoth
St Valentine's Day
San Valentín
San valentin
St Swithun's Day
St Stephen's Day
St Patrick's Day
St Nicholas's Day
St Nicholas' Day
St George's Day
St David's Day
St Basil's Day
St Andrew's Day
St. Swithun's Day
St. Stephen's Day
St. Patrick's Day
St. Nicholas's Day
St. Nicholas' Day
St. George's Day
St. David's Day
St. Basil's Day
St. Andrew's Day
Spring festival
Spring Festival
Silver Jubilee
Shrove Tuesday
Shici-go-san
Shawwal
Septuagesima Sunday
Saraswati Puja
Saint Valentine's Day
Saint Swithun's Day
Saint Stephen's Day
Saint Patrick's Day
Saint Nicholas's Day
Saint Nicholas' Day
Saint George's Day
Saint David's Day
Saint Basil's Day
Saint Andrew's Day
Saga dawa
Saga Dawa
Rosh Hashanah
Rogation Sunday
Remembrance Sunday
Remembrance Day
Ramadan
Ramadam
Rabi I
Quinquagesima Sunday
Quadragesima Sunday
Phalguna
Phagan
Pesach
Pentecost
Passover
Palm Sunday
Pajjusana
Oli
Noruz
New Year's Eve
New Year
Muharram
Mothering Sunday
Día de la madre
Dia de la madre
Mother's Day
Mehragan
May
Magha
Magar
Low Sunday
Lent
Katik
Jubilee
Jewish New Year
Año nuevo judío
Islamic New Year
Año nuevo islámico
Independence Day
Día de la independencia
Semana santa
Semana Santa
Holy Week
Hogmanay
Hanukkah
Hana Matsuri
Halloween
Hallowe'en
Guy Fawkes' night
Guy Fawkes' Night
Grandparent's
Good Friday
Feliz viernes
Good Fri
Golden Jubilee
Festival of Wesak
Festival Of Wesak
Feast of Weeks
Feast of Stephen
Feast of Pesach
Feast of Passover
Feast Of Weeks
Feast Of Stephen
Feast Of Pesach
Feast Of Passover
Fathering Sunday
Fathers' Day
Father's Day
Día del padre
Dia del padre
Epiphany
Eastertide
Easter Sunday
Easter Monday
Easter
Diwali
Dhu-i-Hijja
Day of Atonement
Day Of Atonement
D-day
D-Day
Corpus Christi
Coronation
Commonwealth Day
Christmastide
Christmas Eve
Christmas
Chinese New Year
Año nuevo chino
Chaitra
Burns night
Burns Night
Boxing Day 
Bonfire night
Bonfire Night
Bhadrapada
Bastille
Día de la bastilla
Asvina
Asun
Assumption Sunday
Assumption 
Assumption
Ashadha
Ash Wednesday
Ascension Sunday
April Fool's
All Souls'
All Saints' 
All Hallows Eve
All Hallows
Advent Sunday
Domingo de adviento
Adviento
Adviento
Advent 
