Christian Democrats
Liberal Democrats
Conservatives
Tories
Labour Party
SDP
Social Democrats
Republican Party
Republicans
Liberals
Catholic Daisy Party
National League for Democracy
MNLF
Moro National Liberation Front
Palestinian Liberation Organisation
Freedom Front
Los Demócratas Cristianos
Los demócratas liberales
Conservadores
Tories
Partido Laborista
SDP
Los socialdemócratas
Partido Republicano
Los republicanos
Liberales
Fiesta católica de las margaritas
Liga Nacional para la Democracia
MNLF
Frente Moro de Liberación Nacional
Organización de Liberación Palestina
Frente de la Libertad
PP
PSOE
Partido Socialista
Socialista
Socialistas
socialista
Podemos
PODEMOS
podemitas
Ciudadanos
ERC
PNV
