witching hour
tonight
start of the day
pre-dawn
overnight
noontide
noonday
noon
nightfall
morning
midnight
middle of the day
midday
midafternoon
mid-day
mid - day
gloaming
evening
end of the day
dusk
daybreak
dawn
break of the day
break of day
afternoon
la hora de las brujas
esta noche
al comienzo del día
antes del amanecer
de la noche a la mañana
mediodía
anochecer
mañana
medianoche
a mitad del día
mediodía
a media tarde
al mediodía
Ocaso
ocaso
noche
al final del día
atardecer
amanecer
al amanecer del día
al amanecer
por la tarde