Zulu Standard Time
Zone Standard Time
ZST
Z.S.T.
Western time
Western Time
Western Standard Time
Western Day Time
Western Daily Time
Western Coast Time
West Day Time
West Daily Time
West Coast Time
WST
WDT
WCT
W.S.T.
W.D.T.
W.C.T.
Southern time
Southern Time
Pacific time
Pacific Time
Pacific Day Time
Pacific Daily Time
PDT
P.D.T.
Northern time
Northern Time
Middle Eastern Time
MET
M.E.T.
Greenwich Time
Greenwich Meantime
Greenwich MeanTime
Greenwich Mean Time
GMT
G.M.T.
Eastern time
Eastern Time
Eastern Standard Time
Eastern Day Time
Eastern Daily Time
Eastern Coast Time
East Day Time
East Daily Time
East Coast Time
ET
EST
EDT
ECT
E.T.
E.S.T.
E.D.T.
E.C.T.
Central Time
Central Standard Time
Central European Time
Central Day Time
Central Daily Time
CST
CET
CDT
C.S.T.
C.E.T.
C.D.T.
British Summer Time
BST
B.S.T.
UTC
U.T.C.
Hora local
hora local
Hora estándar de Zulú
Hora estándar de la zona
Hora del oeste
Hora del Oeste
Hora estándar del oeste
Hora del Día del Oeste
Hora del Diario del Oeste
Hora de la Costa Oeste
Hora del día del oeste
West Daily Time
Hora de la Costa Oeste
Hora del sur
Hora del Sur
Hora del Pacífico
Hora del Pacífico
Hora del día del Pacífico
Pacific Daily Time
Hora del norte
Hora del Norte
Hora de Oriente Medio
Hora de Greenwich
Mientras tanto, Greenwich
Greenwich MeanTime
Hora de Greenwich
Hora del Este
Hora del Este
Hora estándar del Este
Hora del Día del Este
Hora del Este
Hora de la Costa Este
Hora del Día del Este
Hora del Este
Hora de la Costa Este
Hora central
Hora central estándar
Hora de Europa Central
Hora del día central
Hora central diaria
El horario de verano británico


