1ST Lieutenant
1ST Lt
1ST Lt.
1st Lieutenant
1st Lt
1st Lt.
2ND Lieutenant
2ND Lt
2ND Lt.
2nd Lieutenant
2nd Lt
2nd Lt.
Able Rating
Able Seaman
Able Seawoman
Acting P.O.
Acting PO
Acting Pilot Officer
Adm
Adm Of The Fleet
Adm of the Fleet
Adm.
Adm. Of The Fleet
Adm. of the Fleet
Admiral
Admiral Of The Fleet
Admiral of the Fleet
Air Cdre
Air Cdre.
Air Chief Marshal
Air Commodore
Air Marshal
Air Vice-Marshal
Aircraftman
Aircraftsman
Aircraftswoman
Aircraftwoman
Brig
Brig.
Brigadier
Capt
Capt.
Captain
Cdr
Cdr.
Cdre
Cdre (1ST Class)
Cdre (1ST class)
Cdre (1st Class)
Cdre (1st class)
Cdre (2ND Class)
Cdre (2ND class)
Cdre (2nd Class)
Cdre (2nd class)
Cdre (First Class)
Cdre (Second Class)
Cdre (Second class)
Cdre (first class)
Cdre 1ST Class
Cdre 1ST class
Cdre 1st Class
Cdre 1st class
Cdre 2ND Class
Cdre 2ND class
Cdre 2nd Class
Cdre 2nd class
Cdre First Class
Cdre Second Class
Cdre Second class
Cdre first class
Cdre.
Chief Of Staff
Chief Petty Officer
Chief Superintendent
Chief of Staff
Cmdr.
Col
Col.
Colonel
Colour Sergeant
Colour Serjeant
Comdr.
Commander
Commodore
Commodore (1ST Class)
Commodore (1ST class)
Commodore (1st Class)
Commodore (1st class)
Commodore (2ND Class)
Commodore (2ND class)
Commodore (2nd Class)
Commodore (2nd class)
Commodore (First Class)
Commodore (Second Class)
Commodore (Second class)
Commodore (first class)
Commodore 1ST Class
Commodore 1ST class
Commodore 1st Class
Commodore 1st class
Commodore 2ND Class
Commodore 2ND class
Commodore 2nd Class
Commodore 2nd class
Commodore First Class
Commodore Second Class
Commodore Second class
Commodore first class
Communications Officer
Corporal
Deputy And Assistant Commissioner
Deputy And Assistant commissioner
Deputy Assistant Commissioner
Deputy and Assistant Commissioner
Deputy and Assistant commissioner
F.O.
FO
Field Marshal
First Lieutenant
First Lt
First Lt.
Fleet Chief Petty Officer
Flight Lieutenant
Flight Sergeant
Flight Serjeant
Flt Lt
Flt. Lt.
Flying Officer
Fst Lt
Fst. Lt.
Gen
Gen.
General
Gp Capt
Gp. Capt.
Group Captain
Grp Capt
Grp. Capt.
Général
Junior Rating
Junior Seaman
Junior Seawoman
Junior Technician
Lance Corporal
Leading Aircraftman
Leading Aircraftsman
Leading Aircraftswoman
Leading Aircraftwoman
Leading Rating
Leading Seaman
Leading Seawoman
Lieutenant
Lieutenant Colonel
Lieutenant General
Lieutenant Général
Lieutenant-Colonel
Lieutenant-Commandant
Lieutenant-Commander
Lieutenant-General
Lieutenant-Général
Lt
Lt Cdr
Lt Col
Lt Gen
Lt-Cdr
Lt-Col
Lt-Col.
Lt-Gen
Lt-Gen.
Lt.
Lt. Cdr.
Lt. Col.
Lt. Gen.
Maj
Maj Gen
Maj-Gen
Maj-Gen.
Maj.
Maj. Gen
Major
Major General
Major-General
Marshal Of The R.A.F.
Marshal Of The RAF
Marshal of the R.A.F.
Marshal of the RAF
Maréchal
Master Sergeant
Master Serjeant
Master Sgt.
Midshipman
Midshipwoman
P.O.
Petty
Petty Officer
Pilot Officer
Priv
Priv.
Private
Pte
Pte.
Rear Adm
Rear Adm.
Rear Admiral
Rear-Adm
Rear-Adm.
Rear-Admiral
Sec Lt
Sec. Lt.
Second Lieutenant
Second Lt
Second Lt.
Senior Aircraftman
Senior Aircraftsman
Senior Aircraftswoman
Senior Aircraftwoman
Senior General
Sergeant
Sergeant At Arms
Sergeant Major
Sergeant at Arms
Serjeant
Serjeant At Arms
Serjeant Major
Serjeant at Arms
Sgt.
Sous-Lieutenant
Sqd Ldr
Sqd. Ldr.
Squ Ldr
Squ. Ldr.
Squadron Leader
Staff Sergeant
Staff Serjeant
Sub Lt
Sub-Lieutenant
Sub-Lt
Sub. Lt.
Tech Sgt
Tech. Sgt.
Vice Adm
Vice Adm.
Vice Admiral
Vice-Adm
Vice-Adm.
Vice-Admiral
Warrant Officer
Wg Cdr
Wg. Cdr.
Wing Cdr
Wing Cdr.
Wing Commander
admiral
amiral
capitaine
captain
colonel
commandant
commander
lieutenant
sergeant
sergent
serjeant
1er Teniente
Teniente primero.
1er Teniente
Teniente primero
2º Teniente
Teniente segundo
Able Rating
Marinero Capaz
Able Seawoman
Oficial de libertad condicional en funciones.
Orden de compra en funciones
Oficial Piloto en funciones
Adm
Adm.
Adm. de la Flota
Adm. de la Flota
Almirante
Almirante de la flota
Almirante de la Flota
Mariscal Jefe del Aire
Comodoro del aire
Mariscal de vuelo
Vice-Mariscal del Aire
Aviador
Aviadora
Brigada
Brigadier
Jefe de Personal
Suboficial Jefe
Superintendente Jefe
Jefe de Estado Mayor
Comandante.
Col
El Coronel.
Coronel
Sargento de color
Color Serjeant
Comandante.
Comandante
Oficial de Comunicaciones
Cabo
Comisionado Adjunto y Asistente
Comisionado Adjunto y Asistente
Comisionado Asistente Adjunto
Comisionado Adjunto y Auxiliar
Comisionado Adjunto y Asistente
F.O.
FO
Mariscal de campo
Teniente primero
El primer teniente
Suboficial Jefe de la Flota
Teniente de vuelo
Sargento de Vuelo
Teniente Flt
Flt. Teniente.
Oficial de vuelo
Teniente primero
Fst. Teniente.
Gen
Gen.
General
Capitán Gp
Gp. Capitán.
Capitán de Grupo
Grp. Capitán.
General
Calificación de Junior
Marinero junior
Junior Seawoman
Técnico Junior
Soldado de primera clase
Aviador líder
Aviador líder
Aviadora líder
Aviadora líder
Clasificación líder
Marinero principal
La Marinera Líder
Teniente
Teniente Coronel
Teniente General
Teniente General
Teniente Coronel
Teniente-Comandante
Teniente-Comandante
Teniente General
Teniente General
Teniente
Teniente Coronel
Teniente General
Teniente Coronel
Teniente Coronel
Teniente Coronel.
Teniente General
Teniente General.
Teniente.
Tte. Cdr.
Teniente Coronel
Tte. Gen.
Mayor
El Mayor General
General de División
General de División.
Mayor.
Mayor General
Mayor
General de División
General de División
Mariscal de la R.A.F.
Mariscal de la RAF
Mariscal de la R.A.F.
Mariscal de la RAF
Maréchal
Sargento Mayor
Sargento Mayor
Sargento Mayor
Guardiamarina
Matrona
P.O.
Petty
Suboficial
Oficial Piloto
Privado
Priv.
Privado
Pte.
El Almirante de la parte posterior.
Contralmirante
Contraalmirante
Tte. Sec.
Teniente segundo
Subteniente
Segundo Teniente
El teniente segundo.
Aviador Superior
Aviador superior
Aviadora de alto nivel
Aviadora de alto nivel
General Mayor
Sargento
Sargento de armas
Sargento Mayor
Sargento de armas
El Sargento de Armas
Sargento Mayor
Sargento de Armas
Sargento.
Subteniente
Líder de escuadrón
Sargento de personal
Sargento Mayor
Sub Teniente
Subteniente
Sub-Lt
Sub. Teniente.
Sargento Técnico
Técnico. Sargento.
Viceadministrador
Vicealmirante
Viceadministrador
Vice-Adm.
Vicealmirante
Suboficial de policía
Cdte. de ala.
Comandante de Ala
almirante
amiral
capitán
Coronel
comandante
comandante
Teniente
sargento
